<?xml version="1.0" encoding="UTF-8"?>
<!-- Generated by org.testng.reporters.JUnitReportReporter -->
<testsuite hostname="AKSAINI-AT37S" name="com.selenium.seleniumgrid.gridfirefox" tests="1" failures="0" timestamp="18 Sep 2017 23:35:51 GMT" time="8.638" errors="0">
  <testcase name="gridchrome" time="8.638" classname="com.selenium.seleniumgrid.gridfirefox"/>
</testsuite> <!-- com.selenium.seleniumgrid.gridfirefox -->
