<?xml version="1.0" encoding="UTF-8"?>
<!-- Generated by org.testng.reporters.JUnitReportReporter -->
<testsuite hostname="AKSAINI-AT37S" name="com.selenium.seleniumgrid.gridChrome" tests="1" failures="0" timestamp="18 Sep 2017 23:38:28 GMT" time="5.775" errors="0">
  <testcase name="gridchrome" time="5.775" classname="com.selenium.seleniumgrid.gridChrome"/>
</testsuite> <!-- com.selenium.seleniumgrid.gridChrome -->
